<?xml version="1.0" encoding="UTF-8"?>
<!-- Generated by org.testng.reporters.JUnitReportReporter -->
<testsuite hostname="DESKTOP-LD4BKPU" failures="0" tests="2" name="com.testng.tests.Login" time="12.589" errors="0" timestamp="2024-06-04T13:52:33 CDT" skipped="0">
  <testcase classname="com.testng.tests.Login" name="verifyLoginWithValidCredentails" time="7.217"/>
  <system-out/>
  <testcase classname="com.testng.tests.Login" name="verifyLoginWithInValidCredentails" time="5.372"/>
  <system-out/>
</testsuite> <!-- com.testng.tests.Login -->
