<?xml version="1.0" encoding="UTF-8"?>
<!-- Generated by org.testng.reporters.JUnitReportReporter -->
<testsuite hostname="DESKTOP-LD4BKPU" failures="0" tests="1" name="AssertsSamples.AssertsMethods" time="4.742" errors="0" timestamp="2024-06-05T11:35:25 CDT" skipped="0">
  <testcase classname="AssertsSamples.AssertsMethods" name="sampleMethods" time="4.742"/>
  <system-out/>
</testsuite> <!-- AssertsSamples.AssertsMethods -->
