<?xml version="1.0" encoding="UTF-8"?>
<!-- Generated by org.testng.reporters.JUnitReportReporter -->
<testsuite hostname="DESKTOP-LD4BKPU" failures="0" tests="1" name="com.testng.tests.LoginTest" time="9.715" errors="0" timestamp="2024-09-18T12:49:16 CDT" skipped="0">
  <testcase classname="com.testng.tests.LoginTest" name="login" time="9.715"/>
  <system-out/>
</testsuite> <!-- com.testng.tests.LoginTest -->
